<?xml version="1.0" encoding="UTF-8"?>
<beans xmlns="http://www.springframework.org/schema/beans"
       xmlns:xsi="http://www.w3.org/2001/XMLSchema-instance"
       xmlns:jdbc="http://www.springframework.org/schema/jdbc"
       xmlns:context="http://www.springframework.org/schema/context"
       xmlns:p="springframework.org/schema/p"
       xsi:schemaLocation="http://www.springframework.org/schema/beans
                           http://www.springframework.org/schema/beans/spring-beans.xsd
                           http://www.springframework.org/schema/jdbc
                           http://www.springframework.org/schema/jdbc/spring-jdbc.xsd
                           http://www.springframework.org/schema/context http://www.springframework.org/schema/context/spring-context.xsd">

    <!-- load H2 jdbc properties -->
    <context:property-placeholder location="classpath:jdbc-h2.properties"/>


    <!--<bean id="dataSource"-->
          <!--class="org.h2.jdbcx.JdbcDataSource">-->
        <!--<property name="URL" value="${jdbc.url}"/>-->
        <!--<property name="user" value="${jdbc.user}"/>-->
        <!--<property name="password" value="${jdbc.password}"/>-->
    <!--</bean>-->

    <jdbc:initialize-database>
        <jdbc:script location="classpath:schema.sql"/>
        <jdbc:script location="classpath:test-data.sql"/>
    </jdbc:initialize-database>

    <bean id="dataSource" class="org.apache.commons.dbcp.BasicDataSource"
          destroy-method="close">

        <property name="driverClassName" value="${jdbc.driverClassName}" />
        <property name="url" value="${jdbc.url}" />
        <property name="username" value="${jdbc.username}" />
        <property name="password" value="${jdbc.password}" />
        <property name="initialSize" value="10" />
        <property name="maxActive" value="5" />
        <property name="maxWait" value="5000" />
    </bean>


    <context:component-scan base-package="com.ansa" />
    <!-- Hibernate Configuration -->
    <bean id="sessionFactory"
          class="org.springframework.orm.hibernate4.LocalSessionFactoryBean"
          p:dataSource-ref="dataSource">
        <property name="annotatedClasses">
            <list>
                <value>com.ansa.Item</value>
            </list>
        </property>
        <property name="hibernateProperties">
            <props>
                <prop key="hibernate.connection.url">
                    ${jdbc.url}
                </prop>
                <prop key="hibernate.connection.username">
                    ${jdbc.username}
                </prop>
                <prop key="hibernate.connection.password">
                    ${jdbc.password}
                </prop>
                <prop key="hibernate.dialect">
                    ${hibernate.dialect}
                </prop>
                <prop key="hibernate.show_sql">
                    ${hibernate.show_sql}
                </prop>
                <prop key="hibernate.generate_statistics">
                    ${hibernate.show_statistics}
                </prop>
            </props>
        </property>
    </bean>


</beans>